2017-02-11T18:37:48.851+0000 I CONTROL  [initandlisten] MongoDB starting : pid=52 port=27017 dbpath=/app/node_modules/mockgoose/.mongooseTempDB/27017 64-bit host=97b4596ef7db
2017-02-11T18:37:48.851+0000 I CONTROL  [initandlisten] db version v3.2.10
2017-02-11T18:37:48.851+0000 I CONTROL  [initandlisten] git version: 79d9b3ab5ce20f51c272b4411202710a082d0317
2017-02-11T18:37:48.851+0000 I CONTROL  [initandlisten] OpenSSL version: OpenSSL 1.0.1t  3 May 2016
2017-02-11T18:37:48.851+0000 I CONTROL  [initandlisten] allocator: tcmalloc
2017-02-11T18:37:48.851+0000 I CONTROL  [initandlisten] modules: none
2017-02-11T18:37:48.851+0000 I CONTROL  [initandlisten] build environment:
2017-02-11T18:37:48.851+0000 I CONTROL  [initandlisten]     distmod: debian71
2017-02-11T18:37:48.851+0000 I CONTROL  [initandlisten]     distarch: x86_64
2017-02-11T18:37:48.851+0000 I CONTROL  [initandlisten]     target_arch: x86_64
2017-02-11T18:37:48.851+0000 I CONTROL  [initandlisten] options: { net: { bindIp: "127.0.0.1", port: 27017 }, processManagement: { fork: true }, storage: { dbPath: "/app/node_modules/mockgoose/.mongooseTempDB/27017", engine: "ephemeralForTest" }, systemLog: { destination: "file", path: "/app/mongodb-prebuilt-1486838268832.log" } }
2017-02-11T18:37:48.870+0000 I CONTROL  [initandlisten] ** WARNING: You are running this process as the root user, which is not recommended.
2017-02-11T18:37:48.870+0000 I CONTROL  [initandlisten] 
2017-02-11T18:37:48.870+0000 I CONTROL  [initandlisten] 
2017-02-11T18:37:48.870+0000 I CONTROL  [initandlisten] ** WARNING: /sys/kernel/mm/transparent_hugepage/enabled is 'always'.
2017-02-11T18:37:48.870+0000 I CONTROL  [initandlisten] **        We suggest setting it to 'never'
2017-02-11T18:37:48.870+0000 I CONTROL  [initandlisten] 
2017-02-11T18:37:48.870+0000 I CONTROL  [initandlisten] ** NOTE: The ephemeralForTest storage engine is for testing only. 
2017-02-11T18:37:48.870+0000 I CONTROL  [initandlisten] **       Do not use in production.
2017-02-11T18:37:48.870+0000 I CONTROL  [initandlisten] 
2017-02-11T18:37:48.871+0000 I FTDC     [initandlisten] Initializing full-time diagnostic data capture with directory '/app/node_modules/mockgoose/.mongooseTempDB/27017/diagnostic.data'
2017-02-11T18:37:48.871+0000 I NETWORK  [initandlisten] waiting for connections on port 27017
2017-02-11T18:37:48.871+0000 I NETWORK  [HostnameCanonicalizationWorker] Starting hostname canonicalization worker
2017-02-11T18:37:49.910+0000 I NETWORK  [initandlisten] connection accepted from 127.0.0.1:47746 #1 (1 connection now open)
2017-02-11T18:37:49.936+0000 I INDEX    [conn1] build index on: test.users properties: { v: 1, unique: true, key: { username: 1 }, name: "username_1", ns: "test.users", sparse: true, background: true }
2017-02-11T18:37:49.936+0000 I INDEX    [conn1] build index done.  scanned 0 total records. 0 secs
2017-02-11T18:37:49.936+0000 I INDEX    [conn1] build index on: test.rooms properties: { v: 1, unique: true, key: { slug: 1 }, name: "slug_1", ns: "test.rooms", background: true }
2017-02-11T18:37:49.936+0000 I INDEX    [conn1] build index done.  scanned 0 total records. 0 secs
2017-02-11T18:37:49.936+0000 I INDEX    [conn1] build index on: test.messages properties: { v: 1, key: { createdAt: true }, name: "createdAt_true", ns: "test.messages", background: true }
2017-02-11T18:37:49.936+0000 I INDEX    [conn1] build index done.  scanned 0 total records. 0 secs
2017-02-11T18:37:49.936+0000 I NETWORK  [initandlisten] connection accepted from 127.0.0.1:47754 #2 (2 connections now open)
2017-02-11T18:37:49.936+0000 I INDEX    [conn1] build index on: test.webhooks properties: { v: 1, unique: true, key: { type: 1, uid: 1 }, name: "type_1_uid_1", ns: "test.webhooks", background: true }
2017-02-11T18:37:49.936+0000 I INDEX    [conn1] build index done.  scanned 0 total records. 0 secs
2017-02-11T18:37:49.936+0000 I NETWORK  [initandlisten] connection accepted from 127.0.0.1:47756 #3 (3 connections now open)
2017-02-11T18:37:49.936+0000 I NETWORK  [initandlisten] connection accepted from 127.0.0.1:47758 #4 (4 connections now open)
2017-02-11T18:37:49.936+0000 I NETWORK  [initandlisten] connection accepted from 127.0.0.1:47760 #5 (5 connections now open)
2017-02-11T18:37:49.939+0000 I INDEX    [conn4] build index on: test.users properties: { v: 1, unique: true, key: { email: 1 }, name: "email_1", ns: "test.users", background: true }
2017-02-11T18:37:49.939+0000 I INDEX    [conn4] build index done.  scanned 0 total records. 0 secs
2017-02-11T18:37:49.939+0000 I INDEX    [conn5] build index on: test.rooms properties: { v: 1, key: { owner: 1 }, name: "owner_1", ns: "test.rooms", background: true }
2017-02-11T18:37:49.939+0000 I INDEX    [conn5] build index done.  scanned 0 total records. 0 secs
2017-02-11T18:37:49.941+0000 I INDEX    [conn3] build index on: test.users properties: { v: 1, unique: true, key: { github: 1 }, name: "github_1", ns: "test.users", sparse: true, background: true }
2017-02-11T18:37:49.941+0000 I INDEX    [conn3] build index done.  scanned 0 total records. 0 secs
2017-02-11T18:37:49.946+0000 I INDEX    [conn2] build index on: test.users properties: { v: 1, unique: true, key: { google: 1 }, name: "google_1", ns: "test.users", sparse: true, background: true }
2017-02-11T18:37:49.946+0000 I INDEX    [conn2] build index done.  scanned 0 total records. 0 secs
2017-02-11T18:37:51.193+0000 I CONTROL  [signalProcessingThread] got signal 15 (Terminated), will terminate after current cmd ends
2017-02-11T18:37:51.193+0000 I FTDC     [signalProcessingThread] Shutting down full-time diagnostic data capture
2017-02-11T18:37:51.193+0000 I CONTROL  [signalProcessingThread] now exiting
2017-02-11T18:37:51.193+0000 I NETWORK  [signalProcessingThread] shutdown: going to close listening sockets...
2017-02-11T18:37:51.193+0000 I NETWORK  [signalProcessingThread] closing listening socket: 6
2017-02-11T18:37:51.193+0000 I NETWORK  [signalProcessingThread] closing listening socket: 7
2017-02-11T18:37:51.193+0000 I NETWORK  [signalProcessingThread] removing socket file: /tmp/mongodb-27017.sock
2017-02-11T18:37:51.193+0000 I NETWORK  [signalProcessingThread] shutdown: going to flush diaglog...
2017-02-11T18:37:51.193+0000 I NETWORK  [signalProcessingThread] shutdown: going to close sockets...
2017-02-11T18:37:51.193+0000 I STORAGE  [signalProcessingThread] shutdown: removing fs lock...
2017-02-11T18:37:51.193+0000 I CONTROL  [signalProcessingThread] dbexit:  rc: 0
